<?xml version="1.0" encoding="utf-8"?><testsuites name="pytest tests"><testsuite name="pytest" errors="0" failures="0" skipped="2" tests="33" time="5.822" timestamp="2026-05-04T04:14:30.998122+00:00" hostname="agent-env-38a6a9e6-8909-48e6-9c3f-c7b97e4635c7"><testcase classname="backend.tests.test_educentre.TestAuth" name="test_login_all_roles" time="1.340" /><testcase classname="backend.tests.test_educentre.TestAuth" name="test_login_invalid" time="0.326" /><testcase classname="backend.tests.test_educentre.TestAuth" name="test_me_authenticated" time="0.119" /><testcase classname="backend.tests.test_educentre.TestAuth" name="test_me_unauthenticated" time="0.104" /><testcase classname="backend.tests.test_educentre.TestAuth" name="test_logout" time="0.102" /><testcase classname="backend.tests.test_educentre.TestDashboard" name="test_admin_stats" time="0.113" /><testcase classname="backend.tests.test_educentre.TestDashboard" name="test_educator_stats" time="0.102" /><testcase classname="backend.tests.test_educentre.TestDashboard" name="test_student_stats" time="0.121" /><testcase classname="backend.tests.test_educentre.TestDashboard" name="test_parent_stats" time="0.111" /><testcase classname="backend.tests.test_educentre.TestStudents" name="test_admin_list_students" time="0.116" /><testcase classname="backend.tests.test_educentre.TestStudents" name="test_student_self_only" time="0.119" /><testcase classname="backend.tests.test_educentre.TestStudents" name="test_parent_sees_kids" time="0.103" /><testcase classname="backend.tests.test_educentre.TestStudents" name="test_create_student_admin" time="0.380" /><testcase classname="backend.tests.test_educentre.TestStudents" name="test_rbac_student_create_forbidden" time="0.104" /><testcase classname="backend.tests.test_educentre.TestEducators" name="test_list_educators" time="0.152" /><testcase classname="backend.tests.test_educentre.TestEducators" name="test_rbac_create_educator" time="0.105" /><testcase classname="backend.tests.test_educentre.TestParents" name="test_admin_list_parents" time="0.114" /><testcase classname="backend.tests.test_educentre.TestParents" name="test_parent_role_forbidden" time="0.123" /><testcase classname="backend.tests.test_educentre.TestClasses" name="test_list_classes" time="0.104" /><testcase classname="backend.tests.test_educentre.TestClasses" name="test_educator_classes_filtered" time="0.110" /><testcase classname="backend.tests.test_educentre.TestClasses" name="test_rbac_create_class" time="0.119" /><testcase classname="backend.tests.test_educentre.TestEnrollments" name="test_list_enrollments" time="0.123" /><testcase classname="backend.tests.test_educentre.TestAttendance" name="test_list_attendance" time="0.104" /><testcase classname="backend.tests.test_educentre.TestAttendance" name="test_mark_attendance_educator" time="0.106"><skipped type="pytest.skip" message="Educator has no classes">/app/backend/tests/test_educentre.py:232: Educator has no classes</skipped></testcase><testcase classname="backend.tests.test_educentre.TestInvoices" name="test_list_invoices_admin" time="0.104" /><testcase classname="backend.tests.test_educentre.TestInvoices" name="test_parent_sees_kids_invoices" time="0.149" /><testcase classname="backend.tests.test_educentre.TestInvoices" name="test_create_invoice_and_payment" time="0.355" /><testcase classname="backend.tests.test_educentre.TestInvoices" name="test_educator_no_invoices" time="0.129" /><testcase classname="backend.tests.test_educentre.TestAssessments" name="test_list_assessments" time="0.119" /><testcase classname="backend.tests.test_educentre.TestAssessments" name="test_assessment_grade_publish_flow" time="0.106"><skipped type="pytest.skip" message="No classes for educator">/app/backend/tests/test_educentre.py:306: No classes for educator</skipped></testcase><testcase classname="backend.tests.test_educentre.TestMaterials" name="test_list_materials" time="0.107" /><testcase classname="backend.tests.test_educentre.TestAnnouncements" name="test_list_announcements_all" time="0.101" /><testcase classname="backend.tests.test_educentre.TestAnnouncements" name="test_student_announcements" time="0.111" /></testsuite></testsuites>